<?xml version="1.0" encoding="UTF-8"?>
<coverage generated="1660931697827" clover="3.2.0">
  <project timestamp="1660931697827" name="All files">
    <metrics statements="27" coveredstatements="27" conditionals="12" coveredconditionals="12" methods="13" coveredmethods="13" elements="52" coveredelements="52" complexity="0" loc="27" ncloc="27" packages="1" files="1" classes="1"/>
    <file name="index.ts" path="B:\Projects\TestingTS\src\index.ts">
      <metrics statements="27" coveredstatements="27" conditionals="12" coveredconditionals="12" methods="13" coveredmethods="13"/>
      <line num="1" count="1" type="stmt"/>
      <line num="5" count="21" type="stmt"/>
      <line num="6" count="21" type="stmt"/>
      <line num="10" count="18" type="stmt"/>
      <line num="13" count="3" type="stmt"/>
      <line num="17" count="19" type="stmt"/>
      <line num="20" count="5" type="stmt"/>
      <line num="25" count="4" type="cond" truecount="2" falsecount="0"/>
      <line num="26" count="3" type="stmt"/>
      <line num="28" count="1" type="stmt"/>
      <line num="33" count="3" type="cond" truecount="2" falsecount="0"/>
      <line num="34" count="2" type="stmt"/>
      <line num="36" count="1" type="stmt"/>
      <line num="41" count="5" type="cond" truecount="2" falsecount="0"/>
      <line num="42" count="4" type="stmt"/>
      <line num="44" count="1" type="stmt"/>
      <line num="49" count="6" type="cond" truecount="4" falsecount="0"/>
      <line num="50" count="3" type="stmt"/>
      <line num="51" count="3" type="cond" truecount="2" falsecount="0"/>
      <line num="52" count="2" type="stmt"/>
      <line num="54" count="1" type="stmt"/>
      <line num="59" count="2" type="stmt"/>
      <line num="60" count="2" type="stmt"/>
      <line num="64" count="1" type="stmt"/>
      <line num="68" count="1" type="stmt"/>
      <line num="72" count="1" type="stmt"/>
      <line num="73" count="1" type="stmt"/>
    </file>
  </project>
</coverage>
