<?xml version="1.0" encoding="UTF-8"?>
<coverage generated="1660933794461" clover="3.2.0">
  <project timestamp="1660933794461" name="All files">
    <metrics statements="49" coveredstatements="49" conditionals="13" coveredconditionals="13" methods="20" coveredmethods="20" elements="82" coveredelements="82" complexity="0" loc="49" ncloc="49" packages="1" files="3" classes="3"/>
    <file name="Calculator.ts" path="/Users/erickcaballero/Desktop/ts_testing/src/Calculator.ts">
      <metrics statements="17" coveredstatements="17" conditionals="1" coveredconditionals="1" methods="6" coveredmethods="6"/>
      <line num="3" count="2" type="stmt"/>
      <line num="6" count="8" type="stmt"/>
      <line num="9" count="5" type="stmt"/>
      <line num="13" count="1" type="stmt"/>
      <line num="14" count="1" type="stmt"/>
      <line num="15" count="1" type="stmt"/>
      <line num="18" count="1" type="stmt"/>
      <line num="19" count="1" type="stmt"/>
      <line num="20" count="1" type="stmt"/>
      <line num="23" count="1" type="stmt"/>
      <line num="24" count="1" type="stmt"/>
      <line num="25" count="1" type="stmt"/>
      <line num="28" count="2" type="cond" truecount="1" falsecount="0"/>
      <line num="29" count="1" type="stmt"/>
      <line num="31" count="1" type="stmt"/>
      <line num="32" count="1" type="stmt"/>
      <line num="33" count="1" type="stmt"/>
    </file>
    <file name="ScientificCalculator.ts" path="/Users/erickcaballero/Desktop/ts_testing/src/ScientificCalculator.ts">
      <metrics statements="5" coveredstatements="5" conditionals="0" coveredconditionals="0" methods="1" coveredmethods="1"/>
      <line num="1" count="1" type="stmt"/>
      <line num="3" count="1" type="stmt"/>
      <line num="5" count="1" type="stmt"/>
      <line num="6" count="1" type="stmt"/>
      <line num="7" count="1" type="stmt"/>
    </file>
    <file name="index.ts" path="/Users/erickcaballero/Desktop/ts_testing/src/index.ts">
      <metrics statements="27" coveredstatements="27" conditionals="12" coveredconditionals="12" methods="13" coveredmethods="13"/>
      <line num="1" count="1" type="stmt"/>
      <line num="5" count="21" type="stmt"/>
      <line num="6" count="21" type="stmt"/>
      <line num="10" count="25" type="stmt"/>
      <line num="13" count="5" type="stmt"/>
      <line num="17" count="46" type="stmt"/>
      <line num="20" count="11" type="stmt"/>
      <line num="25" count="11" type="cond" truecount="2" falsecount="0"/>
      <line num="26" count="10" type="stmt"/>
      <line num="28" count="1" type="stmt"/>
      <line num="33" count="3" type="cond" truecount="2" falsecount="0"/>
      <line num="34" count="2" type="stmt"/>
      <line num="36" count="1" type="stmt"/>
      <line num="41" count="5" type="cond" truecount="2" falsecount="0"/>
      <line num="42" count="4" type="stmt"/>
      <line num="44" count="1" type="stmt"/>
      <line num="49" count="6" type="cond" truecount="4" falsecount="0"/>
      <line num="50" count="3" type="stmt"/>
      <line num="51" count="3" type="cond" truecount="2" falsecount="0"/>
      <line num="52" count="2" type="stmt"/>
      <line num="54" count="1" type="stmt"/>
      <line num="59" count="2" type="stmt"/>
      <line num="60" count="2" type="stmt"/>
      <line num="64" count="1" type="stmt"/>
      <line num="68" count="1" type="stmt"/>
      <line num="72" count="1" type="stmt"/>
      <line num="73" count="1" type="stmt"/>
    </file>
  </project>
</coverage>
