TN:
SF:src\index.ts
FN:4,(anonymous_0)
FN:9,(anonymous_1)
FN:12,(anonymous_2)
FN:16,(anonymous_3)
FN:19,(anonymous_4)
FN:24,(anonymous_5)
FN:32,(anonymous_6)
FN:40,(anonymous_7)
FN:48,(anonymous_8)
FN:58,(anonymous_9)
FN:63,(anonymous_10)
FN:67,(anonymous_11)
FN:71,(anonymous_12)
FNF:13
FNH:13
FNDA:21,(anonymous_0)
FNDA:18,(anonymous_1)
FNDA:3,(anonymous_2)
FNDA:19,(anonymous_3)
FNDA:5,(anonymous_4)
FNDA:4,(anonymous_5)
FNDA:3,(anonymous_6)
FNDA:5,(anonymous_7)
FNDA:6,(anonymous_8)
FNDA:2,(anonymous_9)
FNDA:1,(anonymous_10)
FNDA:1,(anonymous_11)
FNDA:1,(anonymous_12)
DA:1,1
DA:5,21
DA:6,21
DA:10,18
DA:13,3
DA:17,19
DA:20,5
DA:25,4
DA:26,3
DA:28,1
DA:33,3
DA:34,2
DA:36,1
DA:41,5
DA:42,4
DA:44,1
DA:49,6
DA:50,3
DA:51,3
DA:52,2
DA:54,1
DA:59,2
DA:60,2
DA:64,1
DA:68,1
DA:72,1
DA:73,1
LF:27
LH:27
BRDA:25,0,0,3
BRDA:25,0,1,1
BRDA:33,1,0,2
BRDA:33,1,1,1
BRDA:41,2,0,4
BRDA:41,2,1,1
BRDA:49,3,0,3
BRDA:49,3,1,3
BRDA:49,4,0,6
BRDA:49,4,1,4
BRDA:51,5,0,2
BRDA:51,5,1,1
BRF:12
BRH:12
end_of_record
